0 info it worked if it ends with ok
1 verbose cli [ '/usr/bin/node', '/usr/bin/npm', 'install', 'autotest-growl' ]
2 info using npm@1.2.18
3 info using node@v0.10.5
4 verbose read json /opt/rails_projects/first_app/package.json
5 verbose read json /opt/rails_projects/first_app/node_modules/growl/package.json
6 verbose read json /opt/rails_projects/first_app/package.json
7 verbose cache add [ 'autotest-growl', null ]
8 verbose cache add name=undefined spec="autotest-growl" args=["autotest-growl",null]
9 verbose parsed url { protocol: null,
9 verbose parsed url   slashes: null,
9 verbose parsed url   auth: null,
9 verbose parsed url   host: null,
9 verbose parsed url   port: null,
9 verbose parsed url   hostname: null,
9 verbose parsed url   hash: null,
9 verbose parsed url   search: null,
9 verbose parsed url   query: null,
9 verbose parsed url   pathname: 'autotest-growl',
9 verbose parsed url   path: 'autotest-growl',
9 verbose parsed url   href: 'autotest-growl' }
10 silly lockFile cb691a4a-autotest-growl autotest-growl
11 verbose lock autotest-growl /home/av.pankratev/.npm/cb691a4a-autotest-growl.lock
12 silly lockFile cb691a4a-autotest-growl autotest-growl
13 silly lockFile cb691a4a-autotest-growl autotest-growl
14 verbose addNamed [ 'autotest-growl', '' ]
15 verbose addNamed [ null, '' ]
16 silly lockFile e6fc70fb-autotest-growl autotest-growl@
17 verbose lock autotest-growl@ /home/av.pankratev/.npm/e6fc70fb-autotest-growl.lock
18 silly addNameRange { name: 'autotest-growl', range: '', hasData: false }
19 verbose url raw autotest-growl
20 verbose url resolving [ 'https://registry.npmjs.org/', './autotest-growl' ]
21 verbose url resolved https://registry.npmjs.org/autotest-growl
22 info trying registry request attempt 1 at 06:32:30
23 http GET https://registry.npmjs.org/autotest-growl
24 http 404 https://registry.npmjs.org/autotest-growl
25 silly registry.get cb [ 404,
25 silly registry.get   { date: 'Wed, 29 Jan 2014 02:32:32 GMT',
25 silly registry.get     server: 'CouchDB/1.5.0 (Erlang OTP/R15B03)',
25 silly registry.get     'content-type': 'application/json',
25 silly registry.get     'cache-control': 'max-age=0',
25 silly registry.get     'content-length': '52',
25 silly registry.get     'accept-ranges': 'bytes',
25 silly registry.get     via: '1.1 varnish',
25 silly registry.get     age: '0',
25 silly registry.get     'x-served-by': 'cache-fra1220-FRA',
25 silly registry.get     'x-cache': 'MISS',
25 silly registry.get     'x-cache-hits': '0',
25 silly registry.get     'x-timer': 'S1390962751.896415472,VS0,VE133',
25 silly registry.get     'keep-alive': 'timeout=10, max=50',
25 silly registry.get     connection: 'Keep-Alive' } ]
26 silly lockFile e6fc70fb-autotest-growl autotest-growl@
27 silly lockFile e6fc70fb-autotest-growl autotest-growl@
28 error 404 'autotest-growl' is not in the npm registry.
28 error 404 You should bug the author to publish it
28 error 404
28 error 404 Note that you can also install from a
28 error 404 tarball, folder, or http url, or git url.
29 error System Linux 3.11.6-4-desktop
30 error command "/usr/bin/node" "/usr/bin/npm" "install" "autotest-growl"
31 error cwd /opt/rails_projects/first_app
32 error node -v v0.10.5
33 error npm -v 1.2.18
34 error code E404
35 verbose exit [ 1, true ]
