REQUESTING PAGE: GET /signin?locale=ru with {} and HTTP headers {}
REQUESTING PAGE: GET /signin?locale=ru with {} and HTTP headers {}
REQUESTING PAGE: GET /signin?locale=ru with {} and HTTP headers {}
REQUESTING PAGE: POST /sessions?locale=ru with {"utf8"=>"✓", "email"=>"", "password"=>"", "commit"=>"Sign in"} and HTTP headers {"HTTP_REFERER"=>"/signin?locale=ru"}
REQUESTING PAGE: GET /signin?locale=ru with {} and HTTP headers {}
REQUESTING PAGE: POST /sessions?locale=ru with {"utf8"=>"✓", "email"=>"", "password"=>"", "commit"=>"Sign in"} and HTTP headers {"HTTP_REFERER"=>"/signin?locale=ru"}
REQUESTING PAGE: GET /signin?locale=ru with {} and HTTP headers {}
REQUESTING PAGE: POST /sessions?locale=ru with {"utf8"=>"✓", "email"=>"", "password"=>"", "commit"=>"Sign in"} and HTTP headers {"HTTP_REFERER"=>"/signin?locale=ru"}
REQUESTING PAGE: GET /?locale=ru with {} and HTTP headers {"HTTP_REFERER"=>"/sessions?locale=ru"}
REQUESTING PAGE: GET /signin?locale=ru with {} and HTTP headers {}
REQUESTING PAGE: POST /sessions?locale=ru with {"utf8"=>"✓", "email"=>"", "password"=>"", "commit"=>"Sign in"} and HTTP headers {"HTTP_REFERER"=>"/signin?locale=ru"}
REQUESTING PAGE: GET /?locale=ru with {} and HTTP headers {"HTTP_REFERER"=>"/sessions?locale=ru"}
REQUESTING PAGE: GET /signin?locale=ru with {} and HTTP headers {}
REQUESTING PAGE: GET /signin?locale=ru with {} and HTTP headers {"HTTP_REFERER"=>"/signin?locale=ru"}
REQUESTING PAGE: POST /sessions?locale=ru with {"utf8"=>"✓", "email"=>"person_1@yandex.ru", "password"=>"foobar", "commit"=>"Sign in"} and HTTP headers {"HTTP_REFERER"=>"/signin?locale=ru"}
REQUESTING PAGE: GET http://www.example.com/users/1925?locale=ru with {} and HTTP headers {"HTTP_REFERER"=>"/sessions?locale=ru"}
REQUESTING PAGE: GET /signin?locale=ru with {} and HTTP headers {}
REQUESTING PAGE: GET /signin?locale=ru with {} and HTTP headers {"HTTP_REFERER"=>"/signin?locale=ru"}
REQUESTING PAGE: POST /sessions?locale=ru with {"utf8"=>"✓", "email"=>"person_2@yandex.ru", "password"=>"foobar", "commit"=>"Sign in"} and HTTP headers {"HTTP_REFERER"=>"/signin?locale=ru"}
REQUESTING PAGE: GET http://www.example.com/users/1926?locale=ru with {} and HTTP headers {"HTTP_REFERER"=>"/sessions?locale=ru"}
REQUESTING PAGE: GET /signin?locale=ru with {} and HTTP headers {}
REQUESTING PAGE: GET /signin?locale=ru with {} and HTTP headers {"HTTP_REFERER"=>"/signin?locale=ru"}
REQUESTING PAGE: POST /sessions?locale=ru with {"utf8"=>"✓", "email"=>"person_3@yandex.ru", "password"=>"foobar", "commit"=>"Sign in"} and HTTP headers {"HTTP_REFERER"=>"/signin?locale=ru"}
REQUESTING PAGE: GET http://www.example.com/users/1927?locale=ru with {} and HTTP headers {"HTTP_REFERER"=>"/sessions?locale=ru"}
REQUESTING PAGE: GET /signin?locale=ru with {} and HTTP headers {}
REQUESTING PAGE: GET /signin?locale=ru with {} and HTTP headers {"HTTP_REFERER"=>"/signin?locale=ru"}
REQUESTING PAGE: POST /sessions?locale=ru with {"utf8"=>"✓", "email"=>"person_4@yandex.ru", "password"=>"foobar", "commit"=>"Sign in"} and HTTP headers {"HTTP_REFERER"=>"/signin?locale=ru"}
REQUESTING PAGE: GET http://www.example.com/users/1928?locale=ru with {} and HTTP headers {"HTTP_REFERER"=>"/sessions?locale=ru"}
REQUESTING PAGE: GET /signin?locale=ru with {} and HTTP headers {}
REQUESTING PAGE: GET /signin?locale=ru with {} and HTTP headers {"HTTP_REFERER"=>"/signin?locale=ru"}
REQUESTING PAGE: POST /sessions?locale=ru with {"utf8"=>"✓", "email"=>"person_5@yandex.ru", "password"=>"foobar", "commit"=>"Sign in"} and HTTP headers {"HTTP_REFERER"=>"/signin?locale=ru"}
REQUESTING PAGE: GET http://www.example.com/users/1929?locale=ru with {} and HTTP headers {"HTTP_REFERER"=>"/sessions?locale=ru"}
REQUESTING PAGE: GET /signin?locale=ru with {} and HTTP headers {}
REQUESTING PAGE: GET /signin?locale=ru with {} and HTTP headers {"HTTP_REFERER"=>"/signin?locale=ru"}
REQUESTING PAGE: POST /sessions?locale=ru with {"utf8"=>"✓", "email"=>"person_6@yandex.ru", "password"=>"foobar", "commit"=>"Sign in"} and HTTP headers {"HTTP_REFERER"=>"/signin?locale=ru"}
REQUESTING PAGE: GET http://www.example.com/users/1930?locale=ru with {} and HTTP headers {"HTTP_REFERER"=>"/sessions?locale=ru"}
REQUESTING PAGE: DELETE /signout?locale=ru with {} and HTTP headers {"HTTP_REFERER"=>"http://www.example.com/users/1930?locale=ru"}
REQUESTING PAGE: GET http://www.example.com/?locale=ru with {} and HTTP headers {"HTTP_REFERER"=>"/signout?locale=ru"}
REQUESTING PAGE: GET /signin?locale=ru with {} and HTTP headers {}
REQUESTING PAGE: GET /signin?locale=ru with {} and HTTP headers {"HTTP_REFERER"=>"/signin?locale=ru"}
REQUESTING PAGE: POST /sessions?locale=ru with {"utf8"=>"✓", "email"=>"person_7@yandex.ru", "password"=>"foobar", "commit"=>"Sign in"} and HTTP headers {"HTTP_REFERER"=>"/signin?locale=ru"}
REQUESTING PAGE: GET http://www.example.com/users/1931?locale=ru with {} and HTTP headers {"HTTP_REFERER"=>"/sessions?locale=ru"}
REQUESTING PAGE: DELETE /signout?locale=ru with {} and HTTP headers {"HTTP_REFERER"=>"http://www.example.com/users/1931?locale=ru"}
REQUESTING PAGE: GET http://www.example.com/?locale=ru with {} and HTTP headers {"HTTP_REFERER"=>"/signout?locale=ru"}
REQUESTING PAGE: GET /signin?locale=ru with {} and HTTP headers {}
REQUESTING PAGE: GET /signin?locale=ru with {} and HTTP headers {"HTTP_REFERER"=>"/signin?locale=ru"}
REQUESTING PAGE: POST /sessions?locale=ru with {"utf8"=>"✓", "email"=>"person_8@yandex.ru", "password"=>"foobar", "commit"=>"Sign in"} and HTTP headers {"HTTP_REFERER"=>"/signin?locale=ru"}
REQUESTING PAGE: GET http://www.example.com/users/1932?locale=ru with {} and HTTP headers {"HTTP_REFERER"=>"/sessions?locale=ru"}
REQUESTING PAGE: DELETE /signout?locale=ru with {} and HTTP headers {"HTTP_REFERER"=>"http://www.example.com/users/1932?locale=ru"}
REQUESTING PAGE: GET http://www.example.com/?locale=ru with {} and HTTP headers {"HTTP_REFERER"=>"/signout?locale=ru"}
REQUESTING PAGE: GET /signin?locale=ru with {} and HTTP headers {}
REQUESTING PAGE: GET /signin?locale=ru with {} and HTTP headers {"HTTP_REFERER"=>"/signin?locale=ru"}
REQUESTING PAGE: POST /sessions?locale=ru with {"utf8"=>"✓", "email"=>"person_9@yandex.ru", "password"=>"foobar", "commit"=>"Sign in"} and HTTP headers {"HTTP_REFERER"=>"/signin?locale=ru"}
REQUESTING PAGE: GET http://www.example.com/users/1933?locale=ru with {} and HTTP headers {"HTTP_REFERER"=>"/sessions?locale=ru"}
REQUESTING PAGE: DELETE /signout?locale=ru with {} and HTTP headers {"HTTP_REFERER"=>"http://www.example.com/users/1933?locale=ru"}
REQUESTING PAGE: GET http://www.example.com/?locale=ru with {} and HTTP headers {"HTTP_REFERER"=>"/signout?locale=ru"}
REQUESTING PAGE: GET /users/1934/edit?locale=ru with {} and HTTP headers {}
REQUESTING PAGE: GET http://www.example.com/signin?locale=ru with {} and HTTP headers {"HTTP_REFERER"=>"/users/1934/edit?locale=ru"}
REQUESTING PAGE: POST /sessions?locale=ru with {"utf8"=>"✓", "email"=>"person_10@yandex.ru", "password"=>"foobar", "commit"=>"Sign in"} and HTTP headers {"HTTP_REFERER"=>"http://www.example.com/signin?locale=ru"}
REQUESTING PAGE: GET http://www.example.com/users/1934/edit?locale=ru with {} and HTTP headers {"HTTP_REFERER"=>"/sessions?locale=ru"}
REQUESTING PAGE: GET /users/1935/edit?locale=ru with {} and HTTP headers {}
REQUESTING PAGE: GET http://www.example.com/signin?locale=ru with {} and HTTP headers {"HTTP_REFERER"=>"/users/1935/edit?locale=ru"}
REQUESTING PAGE: GET /users?locale=ru with {} and HTTP headers {}
REQUESTING PAGE: GET http://www.example.com/signin?locale=ru with {} and HTTP headers {"HTTP_REFERER"=>"/users?locale=ru"}
REQUESTING PAGE: GET /signin?locale=ru with {} and HTTP headers {}
REQUESTING PAGE: POST /sessions?locale=ru with {"utf8"=>"✓", "email"=>"person_13@yandex.ru", "password"=>"foobar", "commit"=>"Sign in"} and HTTP headers {"HTTP_REFERER"=>"/signin?locale=ru"}
REQUESTING PAGE: GET http://www.example.com/users/1937?locale=ru with {} and HTTP headers {"HTTP_REFERER"=>"/sessions?locale=ru"}
REQUESTING PAGE: GET /users/1938/edit?locale=ru with {} and HTTP headers {"HTTP_REFERER"=>"http://www.example.com/users/1937?locale=ru"}
REQUESTING PAGE: GET http://www.example.com/?locale=ru with {} and HTTP headers {"HTTP_REFERER"=>"/users/1938/edit?locale=ru"}
REQUESTING PAGE: GET /signin?locale=ru with {} and HTTP headers {}
REQUESTING PAGE: POST /sessions?locale=ru with {"utf8"=>"✓", "email"=>"person_14@yandex.ru", "password"=>"foobar", "commit"=>"Sign in"} and HTTP headers {"HTTP_REFERER"=>"/signin?locale=ru"}
REQUESTING PAGE: GET http://www.example.com/users/1939?locale=ru with {} and HTTP headers {"HTTP_REFERER"=>"/sessions?locale=ru"}
REQUESTING PAGE: GET /signin?locale=ru with {} and HTTP headers {}
REQUESTING PAGE: POST /sessions?locale=ru with {"utf8"=>"✓", "email"=>"person_15@yandex.ru", "password"=>"foobar", "commit"=>"Sign in"} and HTTP headers {"HTTP_REFERER"=>"/signin?locale=ru"}
REQUESTING PAGE: GET http://www.example.com/users/1941?locale=ru with {} and HTTP headers {"HTTP_REFERER"=>"/sessions?locale=ru"}
REQUESTING PAGE: GET / with {} and HTTP headers {}
REQUESTING PAGE: GET http://www.example.com/about?locale=ru with {} and HTTP headers {"HTTP_REFERER"=>"/"}
REQUESTING PAGE: GET / with {} and HTTP headers {}
REQUESTING PAGE: GET / with {} and HTTP headers {}
REQUESTING PAGE: GET / with {} and HTTP headers {}
REQUESTING PAGE: GET /help with {} and HTTP headers {}
REQUESTING PAGE: GET /help with {} and HTTP headers {}
REQUESTING PAGE: GET /about with {} and HTTP headers {}
REQUESTING PAGE: GET /about with {} and HTTP headers {}
REQUESTING PAGE: GET /contact with {} and HTTP headers {}
REQUESTING PAGE: GET /contact with {} and HTTP headers {}
REQUESTING PAGE: GET /email with {} and HTTP headers {}
REQUESTING PAGE: GET /email with {} and HTTP headers {}
REQUESTING PAGE: GET reviews with {} and HTTP headers {}
REQUESTING PAGE: GET reviews with {} and HTTP headers {}
REQUESTING PAGE: GET /signin?locale=ru with {} and HTTP headers {}
REQUESTING PAGE: POST /sessions?locale=ru with {"utf8"=>"✓", "email"=>"person_17@yandex.ru", "password"=>"foobar", "commit"=>"Sign in"} and HTTP headers {"HTTP_REFERER"=>"/signin?locale=ru"}
REQUESTING PAGE: GET http://www.example.com/users/1943?locale=ru with {} and HTTP headers {"HTTP_REFERER"=>"/sessions?locale=ru"}
REQUESTING PAGE: GET /users?locale=ru with {} and HTTP headers {"HTTP_REFERER"=>"http://www.example.com/users/1943?locale=ru"}
REQUESTING PAGE: GET /signin?locale=ru with {} and HTTP headers {}
REQUESTING PAGE: POST /sessions?locale=ru with {"utf8"=>"✓", "email"=>"person_18@yandex.ru", "password"=>"foobar", "commit"=>"Sign in"} and HTTP headers {"HTTP_REFERER"=>"/signin?locale=ru"}
REQUESTING PAGE: GET http://www.example.com/users/1944?locale=ru with {} and HTTP headers {"HTTP_REFERER"=>"/sessions?locale=ru"}
REQUESTING PAGE: GET /users?locale=ru with {} and HTTP headers {"HTTP_REFERER"=>"http://www.example.com/users/1944?locale=ru"}
REQUESTING PAGE: GET /signin?locale=ru with {} and HTTP headers {}
REQUESTING PAGE: POST /sessions?locale=ru with {"utf8"=>"✓", "email"=>"person_49@yandex.ru", "password"=>"foobar", "commit"=>"Sign in"} and HTTP headers {"HTTP_REFERER"=>"/signin?locale=ru"}
REQUESTING PAGE: GET http://www.example.com/users/1975?locale=ru with {} and HTTP headers {"HTTP_REFERER"=>"/sessions?locale=ru"}
REQUESTING PAGE: GET /users?locale=ru with {} and HTTP headers {"HTTP_REFERER"=>"http://www.example.com/users/1975?locale=ru"}
REQUESTING PAGE: GET /signin?locale=ru with {} and HTTP headers {}
REQUESTING PAGE: POST /sessions?locale=ru with {"utf8"=>"✓", "email"=>"person_50@yandex.ru", "password"=>"foobar", "commit"=>"Sign in"} and HTTP headers {"HTTP_REFERER"=>"/signin?locale=ru"}
REQUESTING PAGE: GET http://www.example.com/users/1976?locale=ru with {} and HTTP headers {"HTTP_REFERER"=>"/sessions?locale=ru"}
REQUESTING PAGE: GET /users?locale=ru with {} and HTTP headers {"HTTP_REFERER"=>"http://www.example.com/users/1976?locale=ru"}
REQUESTING PAGE: GET /signin?locale=ru with {} and HTTP headers {}
REQUESTING PAGE: POST /sessions?locale=ru with {"utf8"=>"✓", "email"=>"person_51@yandex.ru", "password"=>"foobar", "commit"=>"Sign in"} and HTTP headers {"HTTP_REFERER"=>"/signin?locale=ru"}
REQUESTING PAGE: GET http://www.example.com/users/1977?locale=ru with {} and HTTP headers {"HTTP_REFERER"=>"/sessions?locale=ru"}
REQUESTING PAGE: GET /users?locale=ru with {} and HTTP headers {"HTTP_REFERER"=>"http://www.example.com/users/1977?locale=ru"}
REQUESTING PAGE: GET /signin?locale=ru with {} and HTTP headers {}
REQUESTING PAGE: POST /sessions?locale=ru with {"utf8"=>"✓", "email"=>"person_52@yandex.ru", "password"=>"foobar", "commit"=>"Sign in"} and HTTP headers {"HTTP_REFERER"=>"/signin?locale=ru"}
REQUESTING PAGE: GET http://www.example.com/users/1978?locale=ru with {} and HTTP headers {"HTTP_REFERER"=>"/sessions?locale=ru"}
REQUESTING PAGE: GET /users?locale=ru with {} and HTTP headers {"HTTP_REFERER"=>"http://www.example.com/users/1978?locale=ru"}
REQUESTING PAGE: GET /signin?locale=ru with {} and HTTP headers {"HTTP_REFERER"=>"/users?locale=ru"}
REQUESTING PAGE: POST /sessions?locale=ru with {"utf8"=>"✓", "email"=>"person_53@yandex.ru", "password"=>"foobar", "commit"=>"Sign in"} and HTTP headers {"HTTP_REFERER"=>"/signin?locale=ru"}
REQUESTING PAGE: GET http://www.example.com/users?locale=ru with {} and HTTP headers {"HTTP_REFERER"=>"/sessions?locale=ru"}
REQUESTING PAGE: GET /users?locale=ru with {} and HTTP headers {"HTTP_REFERER"=>"http://www.example.com/users?locale=ru"}
REQUESTING PAGE: GET /signin?locale=ru with {} and HTTP headers {}
REQUESTING PAGE: POST /sessions?locale=ru with {"utf8"=>"✓", "email"=>"person_54@yandex.ru", "password"=>"foobar", "commit"=>"Sign in"} and HTTP headers {"HTTP_REFERER"=>"/signin?locale=ru"}
REQUESTING PAGE: GET http://www.example.com/users/1980?locale=ru with {} and HTTP headers {"HTTP_REFERER"=>"/sessions?locale=ru"}
REQUESTING PAGE: GET /users?locale=ru with {} and HTTP headers {"HTTP_REFERER"=>"http://www.example.com/users/1980?locale=ru"}
REQUESTING PAGE: GET /signin?locale=ru with {} and HTTP headers {"HTTP_REFERER"=>"/users?locale=ru"}
REQUESTING PAGE: POST /sessions?locale=ru with {"utf8"=>"✓", "email"=>"person_55@yandex.ru", "password"=>"foobar", "commit"=>"Sign in"} and HTTP headers {"HTTP_REFERER"=>"/signin?locale=ru"}
REQUESTING PAGE: GET http://www.example.com/users?locale=ru with {} and HTTP headers {"HTTP_REFERER"=>"/sessions?locale=ru"}
REQUESTING PAGE: GET /users?locale=ru with {} and HTTP headers {"HTTP_REFERER"=>"http://www.example.com/users?locale=ru"}
REQUESTING PAGE: DELETE /users/1980?locale=ru with {} and HTTP headers {"HTTP_REFERER"=>"/users?locale=ru"}
REQUESTING PAGE: GET http://www.example.com/users?locale=ru with {} and HTTP headers {"HTTP_REFERER"=>"/users/1980?locale=ru"}
REQUESTING PAGE: GET /signin?locale=ru with {} and HTTP headers {}
REQUESTING PAGE: POST /sessions?locale=ru with {"utf8"=>"✓", "email"=>"person_56@yandex.ru", "password"=>"foobar", "commit"=>"Sign in"} and HTTP headers {"HTTP_REFERER"=>"/signin?locale=ru"}
REQUESTING PAGE: GET http://www.example.com/users/1982?locale=ru with {} and HTTP headers {"HTTP_REFERER"=>"/sessions?locale=ru"}
REQUESTING PAGE: GET /users?locale=ru with {} and HTTP headers {"HTTP_REFERER"=>"http://www.example.com/users/1982?locale=ru"}
REQUESTING PAGE: GET /signin?locale=ru with {} and HTTP headers {"HTTP_REFERER"=>"/users?locale=ru"}
REQUESTING PAGE: POST /sessions?locale=ru with {"utf8"=>"✓", "email"=>"person_57@yandex.ru", "password"=>"foobar", "commit"=>"Sign in"} and HTTP headers {"HTTP_REFERER"=>"/signin?locale=ru"}
REQUESTING PAGE: GET http://www.example.com/users?locale=ru with {} and HTTP headers {"HTTP_REFERER"=>"/sessions?locale=ru"}
REQUESTING PAGE: GET /users?locale=ru with {} and HTTP headers {"HTTP_REFERER"=>"http://www.example.com/users?locale=ru"}
REQUESTING PAGE: GET /signup?locale=ru with {} and HTTP headers {}
REQUESTING PAGE: GET /signup?locale=ru with {} and HTTP headers {}
REQUESTING PAGE: GET /users/1984?locale=ru with {} and HTTP headers {}
REQUESTING PAGE: GET /signup?locale=ru with {} and HTTP headers {}
REQUESTING PAGE: POST /users?locale=ru with {"utf8"=>"✓", "user"=>{"name"=>"", "email"=>"", "password"=>"", "password_confirmation"=>""}, "commit"=>"Sign up"} and HTTP headers {"HTTP_REFERER"=>"/signup?locale=ru"}
REQUESTING PAGE: GET /signup?locale=ru with {} and HTTP headers {}
REQUESTING PAGE: POST /users?locale=ru with {"utf8"=>"✓", "user"=>{"name"=>"", "email"=>"", "password"=>"", "password_confirmation"=>""}, "commit"=>"Sign up"} and HTTP headers {"HTTP_REFERER"=>"/signup?locale=ru"}
REQUESTING PAGE: GET /signup?locale=ru with {} and HTTP headers {}
REQUESTING PAGE: POST /users?locale=ru with {"utf8"=>"✓", "user"=>{"name"=>"", "email"=>"", "password"=>"", "password_confirmation"=>""}, "commit"=>"Sign up"} and HTTP headers {"HTTP_REFERER"=>"/signup?locale=ru"}
REQUESTING PAGE: GET /signup?locale=ru with {} and HTTP headers {}
REQUESTING PAGE: POST /users?locale=ru with {"utf8"=>"✓", "user"=>{"name"=>"Example User", "email"=>"user@example.com", "password"=>"foobar", "password_confirmation"=>"foobar"}, "commit"=>"Sign up"} and HTTP headers {"HTTP_REFERER"=>"/signup?locale=ru"}
REQUESTING PAGE: GET http://www.example.com/users/1985?locale=ru with {} and HTTP headers {"HTTP_REFERER"=>"/users?locale=ru"}
REQUESTING PAGE: GET /signup?locale=ru with {} and HTTP headers {}
REQUESTING PAGE: POST /users?locale=ru with {"utf8"=>"✓", "user"=>{"name"=>"Example User", "email"=>"user@example.com", "password"=>"foobar", "password_confirmation"=>"foobar"}, "commit"=>"Sign up"} and HTTP headers {"HTTP_REFERER"=>"/signup?locale=ru"}
REQUESTING PAGE: GET http://www.example.com/users/1986?locale=ru with {} and HTTP headers {"HTTP_REFERER"=>"/users?locale=ru"}
REQUESTING PAGE: GET /signup?locale=ru with {} and HTTP headers {}
REQUESTING PAGE: POST /users?locale=ru with {"utf8"=>"✓", "user"=>{"name"=>"Example User", "email"=>"user@example.com", "password"=>"foobar", "password_confirmation"=>"foobar"}, "commit"=>"Sign up"} and HTTP headers {"HTTP_REFERER"=>"/signup?locale=ru"}
REQUESTING PAGE: GET http://www.example.com/users/1987?locale=ru with {} and HTTP headers {"HTTP_REFERER"=>"/users?locale=ru"}
REQUESTING PAGE: GET /signup?locale=ru with {} and HTTP headers {}
REQUESTING PAGE: POST /users?locale=ru with {"utf8"=>"✓", "user"=>{"name"=>"Example User", "email"=>"user@example.com", "password"=>"foobar", "password_confirmation"=>"foobar"}, "commit"=>"Sign up"} and HTTP headers {"HTTP_REFERER"=>"/signup?locale=ru"}
REQUESTING PAGE: GET http://www.example.com/users/1988?locale=ru with {} and HTTP headers {"HTTP_REFERER"=>"/users?locale=ru"}
REQUESTING PAGE: GET /signup?locale=ru with {} and HTTP headers {}
REQUESTING PAGE: POST /users?locale=ru with {"utf8"=>"✓", "user"=>{"name"=>"Example User", "email"=>"user@example.com", "password"=>"foobar", "password_confirmation"=>"foobar"}, "commit"=>"Sign up"} and HTTP headers {"HTTP_REFERER"=>"/signup?locale=ru"}
REQUESTING PAGE: GET http://www.example.com/users/1989?locale=ru with {} and HTTP headers {"HTTP_REFERER"=>"/users?locale=ru"}
REQUESTING PAGE: GET /signin?locale=ru with {} and HTTP headers {}
REQUESTING PAGE: POST /sessions?locale=ru with {"utf8"=>"✓", "email"=>"person_59@yandex.ru", "password"=>"foobar", "commit"=>"Sign in"} and HTTP headers {"HTTP_REFERER"=>"/signin?locale=ru"}
REQUESTING PAGE: GET http://www.example.com/users/1990?locale=ru with {} and HTTP headers {"HTTP_REFERER"=>"/sessions?locale=ru"}
REQUESTING PAGE: GET /users/1990/edit?locale=ru with {} and HTTP headers {"HTTP_REFERER"=>"http://www.example.com/users/1990?locale=ru"}
REQUESTING PAGE: GET /signin?locale=ru with {} and HTTP headers {}
REQUESTING PAGE: POST /sessions?locale=ru with {"utf8"=>"✓", "email"=>"person_60@yandex.ru", "password"=>"foobar", "commit"=>"Sign in"} and HTTP headers {"HTTP_REFERER"=>"/signin?locale=ru"}
REQUESTING PAGE: GET http://www.example.com/users/1991?locale=ru with {} and HTTP headers {"HTTP_REFERER"=>"/sessions?locale=ru"}
REQUESTING PAGE: GET /users/1991/edit?locale=ru with {} and HTTP headers {"HTTP_REFERER"=>"http://www.example.com/users/1991?locale=ru"}
REQUESTING PAGE: GET /signin?locale=ru with {} and HTTP headers {}
REQUESTING PAGE: POST /sessions?locale=ru with {"utf8"=>"✓", "email"=>"person_61@yandex.ru", "password"=>"foobar", "commit"=>"Sign in"} and HTTP headers {"HTTP_REFERER"=>"/signin?locale=ru"}
REQUESTING PAGE: GET http://www.example.com/users/1992?locale=ru with {} and HTTP headers {"HTTP_REFERER"=>"/sessions?locale=ru"}
REQUESTING PAGE: GET /users/1992/edit?locale=ru with {} and HTTP headers {"HTTP_REFERER"=>"http://www.example.com/users/1992?locale=ru"}
REQUESTING PAGE: GET /signin?locale=ru with {} and HTTP headers {}
REQUESTING PAGE: POST /sessions?locale=ru with {"utf8"=>"✓", "email"=>"person_62@yandex.ru", "password"=>"foobar", "commit"=>"Sign in"} and HTTP headers {"HTTP_REFERER"=>"/signin?locale=ru"}
REQUESTING PAGE: GET http://www.example.com/users/1993?locale=ru with {} and HTTP headers {"HTTP_REFERER"=>"/sessions?locale=ru"}
REQUESTING PAGE: GET /users/1993/edit?locale=ru with {} and HTTP headers {"HTTP_REFERER"=>"http://www.example.com/users/1993?locale=ru"}
REQUESTING PAGE: POST /users/1993?locale=ru with {"utf8"=>"✓", "_method"=>"put", "user"=>{"name"=>"Person 64", "email"=>"person_62@yandex.ru", "password"=>"", "password_confirmation"=>""}, "commit"=>"Save changes"} and HTTP headers {"HTTP_REFERER"=>"/users/1993/edit?locale=ru"}
REQUESTING PAGE: GET /signin?locale=ru with {} and HTTP headers {}
REQUESTING PAGE: POST /sessions?locale=ru with {"utf8"=>"✓", "email"=>"person_63@yandex.ru", "password"=>"foobar", "commit"=>"Sign in"} and HTTP headers {"HTTP_REFERER"=>"/signin?locale=ru"}
REQUESTING PAGE: GET http://www.example.com/users/1994?locale=ru with {} and HTTP headers {"HTTP_REFERER"=>"/sessions?locale=ru"}
REQUESTING PAGE: GET /users/1994/edit?locale=ru with {} and HTTP headers {"HTTP_REFERER"=>"http://www.example.com/users/1994?locale=ru"}
REQUESTING PAGE: POST /users/1994?locale=ru with {"utf8"=>"✓", "_method"=>"put", "user"=>{"name"=>"New Name", "email"=>"new@example.com", "password"=>"foobar", "password_confirmation"=>"foobar"}, "commit"=>"Save changes"} and HTTP headers {"HTTP_REFERER"=>"/users/1994/edit?locale=ru"}
REQUESTING PAGE: GET http://www.example.com/users/1994?locale=ru with {} and HTTP headers {"HTTP_REFERER"=>"/users/1994?locale=ru"}
REQUESTING PAGE: GET /signin?locale=ru with {} and HTTP headers {}
REQUESTING PAGE: POST /sessions?locale=ru with {"utf8"=>"✓", "email"=>"person_64@yandex.ru", "password"=>"foobar", "commit"=>"Sign in"} and HTTP headers {"HTTP_REFERER"=>"/signin?locale=ru"}
REQUESTING PAGE: GET http://www.example.com/users/1995?locale=ru with {} and HTTP headers {"HTTP_REFERER"=>"/sessions?locale=ru"}
REQUESTING PAGE: GET /users/1995/edit?locale=ru with {} and HTTP headers {"HTTP_REFERER"=>"http://www.example.com/users/1995?locale=ru"}
REQUESTING PAGE: POST /users/1995?locale=ru with {"utf8"=>"✓", "_method"=>"put", "user"=>{"name"=>"New Name", "email"=>"new@example.com", "password"=>"foobar", "password_confirmation"=>"foobar"}, "commit"=>"Save changes"} and HTTP headers {"HTTP_REFERER"=>"/users/1995/edit?locale=ru"}
REQUESTING PAGE: GET http://www.example.com/users/1995?locale=ru with {} and HTTP headers {"HTTP_REFERER"=>"/users/1995?locale=ru"}
REQUESTING PAGE: GET /signin?locale=ru with {} and HTTP headers {}
REQUESTING PAGE: POST /sessions?locale=ru with {"utf8"=>"✓", "email"=>"person_65@yandex.ru", "password"=>"foobar", "commit"=>"Sign in"} and HTTP headers {"HTTP_REFERER"=>"/signin?locale=ru"}
REQUESTING PAGE: GET http://www.example.com/users/1996?locale=ru with {} and HTTP headers {"HTTP_REFERER"=>"/sessions?locale=ru"}
REQUESTING PAGE: GET /users/1996/edit?locale=ru with {} and HTTP headers {"HTTP_REFERER"=>"http://www.example.com/users/1996?locale=ru"}
REQUESTING PAGE: POST /users/1996?locale=ru with {"utf8"=>"✓", "_method"=>"put", "user"=>{"name"=>"New Name", "email"=>"new@example.com", "password"=>"foobar", "password_confirmation"=>"foobar"}, "commit"=>"Save changes"} and HTTP headers {"HTTP_REFERER"=>"/users/1996/edit?locale=ru"}
REQUESTING PAGE: GET http://www.example.com/users/1996?locale=ru with {} and HTTP headers {"HTTP_REFERER"=>"/users/1996?locale=ru"}
REQUESTING PAGE: GET /signin?locale=ru with {} and HTTP headers {}
REQUESTING PAGE: POST /sessions?locale=ru with {"utf8"=>"✓", "email"=>"person_66@yandex.ru", "password"=>"foobar", "commit"=>"Sign in"} and HTTP headers {"HTTP_REFERER"=>"/signin?locale=ru"}
REQUESTING PAGE: GET http://www.example.com/users/1997?locale=ru with {} and HTTP headers {"HTTP_REFERER"=>"/sessions?locale=ru"}
REQUESTING PAGE: GET /users/1997/edit?locale=ru with {} and HTTP headers {"HTTP_REFERER"=>"http://www.example.com/users/1997?locale=ru"}
REQUESTING PAGE: POST /users/1997?locale=ru with {"utf8"=>"✓", "_method"=>"put", "user"=>{"name"=>"New Name", "email"=>"new@example.com", "password"=>"foobar", "password_confirmation"=>"foobar"}, "commit"=>"Save changes"} and HTTP headers {"HTTP_REFERER"=>"/users/1997/edit?locale=ru"}
REQUESTING PAGE: GET http://www.example.com/users/1997?locale=ru with {} and HTTP headers {"HTTP_REFERER"=>"/users/1997?locale=ru"}
REQUESTING PAGE: GET /signin?locale=ru with {} and HTTP headers {}
REQUESTING PAGE: POST /sessions?locale=ru with {"utf8"=>"✓", "email"=>"person_67@yandex.ru", "password"=>"foobar", "commit"=>"Sign in"} and HTTP headers {"HTTP_REFERER"=>"/signin?locale=ru"}
REQUESTING PAGE: GET http://www.example.com/users/1998?locale=ru with {} and HTTP headers {"HTTP_REFERER"=>"/sessions?locale=ru"}
REQUESTING PAGE: GET /users/1998/edit?locale=ru with {} and HTTP headers {"HTTP_REFERER"=>"http://www.example.com/users/1998?locale=ru"}
REQUESTING PAGE: POST /users/1998?locale=ru with {"utf8"=>"✓", "_method"=>"put", "user"=>{"name"=>"New Name", "email"=>"new@example.com", "password"=>"foobar", "password_confirmation"=>"foobar"}, "commit"=>"Save changes"} and HTTP headers {"HTTP_REFERER"=>"/users/1998/edit?locale=ru"}
REQUESTING PAGE: GET http://www.example.com/users/1998?locale=ru with {} and HTTP headers {"HTTP_REFERER"=>"/users/1998?locale=ru"}
